# JRE version: OpenJDK Runtime Environment (21.0.9) (build 21.0.9+-14787801-b1163.94)
# Java VM: OpenJDK 64-Bit Server VM (21.0.9+-14787801-b1163.94, mixed mode, tiered, compressed oops, compressed class ptrs, g1 gc, windows-amd64)
GC Precious Log:
 CardTable entry size: 512
 Card Set container configuration: InlinePtr #cards 5 size 8 Array Of Cards #cards 12 size 40 Howl #buckets 4 coarsen threshold 1843 Howl Bitmap #cards 512 size 80 coarsen threshold 460 Card regions per heap region 1 cards per card region 2048
 CPUs: 8 total, 8 available
 Memory: 16227M
 Large Page Support: Disabled
 NUMA Support: Disabled
 Compressed Oops: Enabled (32-bit)
 Heap Region Size: 1M
 Heap Min Capacity: 8M
 Heap Initial Capacity: 254M
 Heap Max Capacity: 2G
 Pre-touch: Disabled
 Parallel Workers: 8
 Concurrent Workers: 2
 Concurrent Refinement Workers: 8
 Periodic GC: Disabled
Heap:
 garbage-first heap   total 244736K, used 219459K [0x0000000080000000, 0x0000000100000000)
  region size 1024K, 100 young (102400K), 8 survivors (8192K)
 Metaspace       used 124804K, committed 127232K, reserved 1179648K
  class space    used 17764K, committed 18944K, reserved 1048576K
GC Heap History (20 events):
Event: 49.441 GC heap before
{Heap before GC invocations=59 (full 0):
 garbage-first heap   total 203776K, used 183958K [0x0000000080000000, 0x0000000100000000)
  region size 1024K, 68 young (69632K), 6 survivors (6144K)
 Metaspace       used 123680K, committed 126080K, reserved 1179648K
  class space    used 17592K, committed 18752K, reserved 1048576K
}
Event: 49.450 GC heap after
{Heap after GC invocations=60 (full 0):
 garbage-first heap   total 203776K, used 121016K [0x0000000080000000, 0x0000000100000000)
  region size 1024K, 6 young (6144K), 6 survivors (6144K)
 Metaspace       used 123680K, committed 126080K, reserved 1179648K
  class space    used 17592K, committed 18752K, reserved 1048576K
}
Event: 49.759 GC heap before
{Heap before GC invocations=60 (full 0):
 garbage-first heap   total 203776K, used 190648K [0x0000000080000000, 0x0000000100000000)
  region size 1024K, 74 young (75776K), 6 survivors (6144K)
 Metaspace       used 123680K, committed 126080K, reserved 1179648K
  class space    used 17592K, committed 18752K, reserved 1048576K
}
Event: 49.768 GC heap after
{Heap after GC invocations=61 (full 0):
 garbage-first heap   total 203776K, used 120806K [0x0000000080000000, 0x0000000100000000)
  region size 1024K, 6 young (6144K), 6 survivors (6144K)
 Metaspace       used 123680K, committed 126080K, reserved 1179648K
  class space    used 17592K, committed 18752K, reserved 1048576K
}
Event: 50.311 GC heap before
{Heap before GC invocations=61 (full 0):
 garbage-first heap   total 203776K, used 190438K [0x0000000080000000, 0x0000000100000000)
  region size 1024K, 75 young (76800K), 6 survivors (6144K)
 Metaspace       used 123717K, committed 126080K, reserved 1179648K
  class space    used 17595K, committed 18752K, reserved 1048576K
}
Event: 50.320 GC heap after
{Heap after GC invocations=62 (full 0):
 garbage-first heap   total 244736K, used 121835K [0x0000000080000000, 0x0000000100000000)
  region size 1024K, 7 young (7168K), 7 survivors (7168K)
 Metaspace       used 123717K, committed 126080K, reserved 1179648K
  class space    used 17595K, committed 18752K, reserved 1048576K
}
Event: 50.896 GC heap before
{Heap before GC invocations=63 (full 0):
 garbage-first heap   total 244736K, used 230379K [0x0000000080000000, 0x0000000100000000)
  region size 1024K, 113 young (115712K), 7 survivors (7168K)
 Metaspace       used 123718K, committed 126080K, reserved 1179648K
  class space    used 17595K, committed 18752K, reserved 1048576K
}
Event: 50.905 GC heap after
{Heap after GC invocations=64 (full 0):
 garbage-first heap   total 244736K, used 122360K [0x0000000080000000, 0x0000000100000000)
  region size 1024K, 7 young (7168K), 7 survivors (7168K)
 Metaspace       used 123718K, committed 126080K, reserved 1179648K
  class space    used 17595K, committed 18752K, reserved 1048576K
}
Event: 52.003 GC heap before
{Heap before GC invocations=64 (full 0):
 garbage-first heap   total 244736K, used 229880K [0x0000000080000000, 0x0000000100000000)
  region size 1024K, 113 young (115712K), 7 survivors (7168K)
 Metaspace       used 123759K, committed 126144K, reserved 1179648K
  class space    used 17598K, committed 18752K, reserved 1048576K
}
Event: 52.015 GC heap after
{Heap after GC invocations=65 (full 0):
 garbage-first heap   total 244736K, used 122449K [0x0000000080000000, 0x0000000100000000)
  region size 1024K, 8 young (8192K), 8 survivors (8192K)
 Metaspace       used 123759K, committed 126144K, reserved 1179648K
  class space    used 17598K, committed 18752K, reserved 1048576K
}
Event: 52.790 GC heap before
{Heap before GC invocations=65 (full 0):
 garbage-first heap   total 244736K, used 229969K [0x0000000080000000, 0x0000000100000000)
  region size 1024K, 113 young (115712K), 8 survivors (8192K)
 Metaspace       used 123785K, committed 126144K, reserved 1179648K
  class space    used 17599K, committed 18752K, reserved 1048576K
}
Event: 52.802 GC heap after
{Heap after GC invocations=66 (full 0):
 garbage-first heap   total 244736K, used 123645K [0x0000000080000000, 0x0000000100000000)
  region size 1024K, 9 young (9216K), 9 survivors (9216K)
 Metaspace       used 123785K, committed 126144K, reserved 1179648K
  class space    used 17599K, committed 18752K, reserved 1048576K
}
Event: 56.754 GC heap before
{Heap before GC invocations=67 (full 0):
 garbage-first heap   total 244736K, used 230141K [0x0000000080000000, 0x0000000100000000)
  region size 1024K, 113 young (115712K), 9 survivors (9216K)
 Metaspace       used 124382K, committed 126848K, reserved 1179648K
  class space    used 17702K, committed 18880K, reserved 1048576K
}
Event: 56.767 GC heap after
{Heap after GC invocations=68 (full 0):
 garbage-first heap   total 244736K, used 124532K [0x0000000080000000, 0x0000000100000000)
  region size 1024K, 10 young (10240K), 10 survivors (10240K)
 Metaspace       used 124382K, committed 126848K, reserved 1179648K
  class space    used 17702K, committed 18880K, reserved 1048576K
}
Event: 59.267 GC heap before
{Heap before GC invocations=68 (full 0):
 garbage-first heap   total 244736K, used 228980K [0x0000000080000000, 0x0000000100000000)
  region size 1024K, 113 young (115712K), 10 survivors (10240K)
 Metaspace       used 124503K, committed 126912K, reserved 1179648K
  class space    used 17720K, committed 18880K, reserved 1048576K
}
Event: 59.282 GC heap after
{Heap after GC invocations=69 (full 0):
 garbage-first heap   total 244736K, used 125406K [0x0000000080000000, 0x0000000100000000)
  region size 1024K, 7 young (7168K), 7 survivors (7168K)
 Metaspace       used 124503K, committed 126912K, reserved 1179648K
  class space    used 17720K, committed 18880K, reserved 1048576K
}
Event: 69.582 GC heap before
{Heap before GC invocations=69 (full 0):
 garbage-first heap   total 244736K, used 230878K [0x0000000080000000, 0x0000000100000000)
  region size 1024K, 110 young (112640K), 7 survivors (7168K)
 Metaspace       used 124507K, committed 126912K, reserved 1179648K
  class space    used 17720K, committed 18880K, reserved 1048576K
}
Event: 69.593 GC heap after
{Heap after GC invocations=70 (full 0):
 garbage-first heap   total 244736K, used 125796K [0x0000000080000000, 0x0000000100000000)
  region size 1024K, 8 young (8192K), 8 survivors (8192K)
 Metaspace       used 124507K, committed 126912K, reserved 1179648K
  class space    used 17720K, committed 18880K, reserved 1048576K
}
Event: 77.234 GC heap before
{Heap before GC invocations=71 (full 0):
 garbage-first heap   total 244736K, used 230244K [0x0000000080000000, 0x0000000100000000)
  region size 1024K, 110 young (112640K), 8 survivors (8192K)
 Metaspace       used 124534K, committed 126976K, reserved 1179648K
  class space    used 17723K, committed 18880K, reserved 1048576K
}
Event: 77.244 GC heap after
{Heap after GC invocations=72 (full 0):
 garbage-first heap   total 244736K, used 126275K [0x0000000080000000, 0x0000000100000000)
  region size 1024K, 8 young (8192K), 8 survivors (8192K)
 Metaspace       used 124534K, committed 126976K, reserved 1179648K
  class space    used 17723K, committed 18880K, reserved 1048576K
}

