# JRE version: OpenJDK Runtime Environment (21.0.9) (build 21.0.9+-14787801-b1163.94)
# Java VM: OpenJDK 64-Bit Server VM (21.0.9+-14787801-b1163.94, mixed mode, tiered, compressed oops, compressed class ptrs, g1 gc, windows-amd64)
GC Precious Log:
 CardTable entry size: 512
 Card Set container configuration: InlinePtr #cards 5 size 8 Array Of Cards #cards 12 size 40 Howl #buckets 4 coarsen threshold 1843 Howl Bitmap #cards 512 size 80 coarsen threshold 460 Card regions per heap region 1 cards per card region 2048
 CPUs: 8 total, 8 available
 Memory: 16227M
 Large Page Support: Disabled
 NUMA Support: Disabled
 Compressed Oops: Enabled (32-bit)
 Heap Region Size: 1M
 Heap Min Capacity: 8M
 Heap Initial Capacity: 254M
 Heap Max Capacity: 2G
 Pre-touch: Disabled
 Parallel Workers: 8
 Concurrent Workers: 2
 Concurrent Refinement Workers: 8
 Periodic GC: Disabled
Heap:
 garbage-first heap   total 245760K, used 130710K [0x0000000080000000, 0x0000000100000000)
  region size 1024K, 19 young (19456K), 9 survivors (9216K)
 Metaspace       used 117732K, committed 120064K, reserved 1179648K
  class space    used 16778K, committed 17920K, reserved 1048576K
GC Heap History (20 events):
Event: 99.808 GC heap before
{Heap before GC invocations=47 (full 0):
 garbage-first heap   total 179200K, used 151479K [0x0000000080000000, 0x0000000100000000)
  region size 1024K, 50 young (51200K), 7 survivors (7168K)
 Metaspace       used 113584K, committed 115904K, reserved 1179648K
  class space    used 16233K, committed 17344K, reserved 1048576K
}
Event: 99.824 GC heap after
{Heap after GC invocations=48 (full 0):
 garbage-first heap   total 179200K, used 112169K [0x0000000080000000, 0x0000000100000000)
  region size 1024K, 4 young (4096K), 4 survivors (4096K)
 Metaspace       used 113584K, committed 115904K, reserved 1179648K
  class space    used 16233K, committed 17344K, reserved 1048576K
}
Event: 100.008 GC heap before
{Heap before GC invocations=48 (full 0):
 garbage-first heap   total 179200K, used 163369K [0x0000000080000000, 0x0000000100000000)
  region size 1024K, 55 young (56320K), 4 survivors (4096K)
 Metaspace       used 113587K, committed 115904K, reserved 1179648K
  class space    used 16233K, committed 17344K, reserved 1048576K
}
Event: 100.021 GC heap after
{Heap after GC invocations=49 (full 0):
 garbage-first heap   total 179200K, used 112478K [0x0000000080000000, 0x0000000100000000)
  region size 1024K, 5 young (5120K), 5 survivors (5120K)
 Metaspace       used 113587K, committed 115904K, reserved 1179648K
  class space    used 16233K, committed 17344K, reserved 1048576K
}
Event: 100.430 GC heap before
{Heap before GC invocations=49 (full 0):
 garbage-first heap   total 179200K, used 165726K [0x0000000080000000, 0x0000000100000000)
  region size 1024K, 57 young (58368K), 5 survivors (5120K)
 Metaspace       used 113827K, committed 116160K, reserved 1179648K
  class space    used 16264K, committed 17408K, reserved 1048576K
}
Event: 100.438 GC heap after
{Heap after GC invocations=50 (full 0):
 garbage-first heap   total 179200K, used 113349K [0x0000000080000000, 0x0000000100000000)
  region size 1024K, 2 young (2048K), 2 survivors (2048K)
 Metaspace       used 113827K, committed 116160K, reserved 1179648K
  class space    used 16264K, committed 17408K, reserved 1048576K
}
Event: 100.743 GC heap before
{Heap before GC invocations=50 (full 0):
 garbage-first heap   total 189440K, used 167621K [0x0000000080000000, 0x0000000100000000)
  region size 1024K, 56 young (57344K), 2 survivors (2048K)
 Metaspace       used 113867K, committed 116160K, reserved 1179648K
  class space    used 16268K, committed 17408K, reserved 1048576K
}
Event: 100.748 GC heap after
{Heap after GC invocations=51 (full 0):
 garbage-first heap   total 189440K, used 113615K [0x0000000080000000, 0x0000000100000000)
  region size 1024K, 3 young (3072K), 3 survivors (3072K)
 Metaspace       used 113867K, committed 116160K, reserved 1179648K
  class space    used 16268K, committed 17408K, reserved 1048576K
}
Event: 101.030 GC heap before
{Heap before GC invocations=52 (full 0):
 garbage-first heap   total 189440K, used 178127K [0x0000000080000000, 0x0000000100000000)
  region size 1024K, 66 young (67584K), 3 survivors (3072K)
 Metaspace       used 113925K, committed 116224K, reserved 1179648K
  class space    used 16274K, committed 17408K, reserved 1048576K
}
Event: 101.035 GC heap after
{Heap after GC invocations=53 (full 0):
 garbage-first heap   total 245760K, used 114437K [0x0000000080000000, 0x0000000100000000)
  region size 1024K, 3 young (3072K), 3 survivors (3072K)
 Metaspace       used 113925K, committed 116224K, reserved 1179648K
  class space    used 16274K, committed 17408K, reserved 1048576K
}
Event: 102.218 GC heap before
{Heap before GC invocations=53 (full 0):
 garbage-first heap   total 245760K, used 228101K [0x0000000080000000, 0x0000000100000000)
  region size 1024K, 115 young (117760K), 3 survivors (3072K)
 Metaspace       used 117251K, committed 119616K, reserved 1179648K
  class space    used 16695K, committed 17856K, reserved 1048576K
}
Event: 102.229 GC heap after
{Heap after GC invocations=54 (full 0):
 garbage-first heap   total 245760K, used 117066K [0x0000000080000000, 0x0000000100000000)
  region size 1024K, 7 young (7168K), 7 survivors (7168K)
 Metaspace       used 117251K, committed 119616K, reserved 1179648K
  class space    used 16695K, committed 17856K, reserved 1048576K
}
Event: 102.602 GC heap before
{Heap before GC invocations=54 (full 0):
 garbage-first heap   total 245760K, used 228682K [0x0000000080000000, 0x0000000100000000)
  region size 1024K, 117 young (119808K), 7 survivors (7168K)
 Metaspace       used 117560K, committed 119936K, reserved 1179648K
  class space    used 16757K, committed 17920K, reserved 1048576K
}
Event: 102.613 GC heap after
{Heap after GC invocations=55 (full 0):
 garbage-first heap   total 245760K, used 118759K [0x0000000080000000, 0x0000000100000000)
  region size 1024K, 9 young (9216K), 9 survivors (9216K)
 Metaspace       used 117560K, committed 119936K, reserved 1179648K
  class space    used 16757K, committed 17920K, reserved 1048576K
}
Event: 103.060 GC heap before
{Heap before GC invocations=56 (full 0):
 garbage-first heap   total 245760K, used 230375K [0x0000000080000000, 0x0000000100000000)
  region size 1024K, 119 young (121856K), 9 survivors (9216K)
 Metaspace       used 117639K, committed 120000K, reserved 1179648K
  class space    used 16771K, committed 17920K, reserved 1048576K
}
Event: 103.074 GC heap after
{Heap after GC invocations=57 (full 0):
 garbage-first heap   total 245760K, used 119680K [0x0000000080000000, 0x0000000100000000)
  region size 1024K, 10 young (10240K), 10 survivors (10240K)
 Metaspace       used 117639K, committed 120000K, reserved 1179648K
  class space    used 16771K, committed 17920K, reserved 1048576K
}
Event: 103.415 GC heap before
{Heap before GC invocations=57 (full 0):
 garbage-first heap   total 245760K, used 231296K [0x0000000080000000, 0x0000000100000000)
  region size 1024K, 120 young (122880K), 10 survivors (10240K)
 Metaspace       used 117642K, committed 120000K, reserved 1179648K
  class space    used 16772K, committed 17920K, reserved 1048576K
}
Event: 103.429 GC heap after
{Heap after GC invocations=58 (full 0):
 garbage-first heap   total 245760K, used 120092K [0x0000000080000000, 0x0000000100000000)
  region size 1024K, 9 young (9216K), 9 survivors (9216K)
 Metaspace       used 117642K, committed 120000K, reserved 1179648K
  class space    used 16772K, committed 17920K, reserved 1048576K
}
Event: 103.761 GC heap before
{Heap before GC invocations=58 (full 0):
 garbage-first heap   total 245760K, used 231708K [0x0000000080000000, 0x0000000100000000)
  region size 1024K, 119 young (121856K), 9 survivors (9216K)
 Metaspace       used 117692K, committed 120000K, reserved 1179648K
  class space    used 16777K, committed 17920K, reserved 1048576K
}
Event: 103.773 GC heap after
{Heap after GC invocations=59 (full 0):
 garbage-first heap   total 245760K, used 120714K [0x0000000080000000, 0x0000000100000000)
  region size 1024K, 9 young (9216K), 9 survivors (9216K)
 Metaspace       used 117692K, committed 120000K, reserved 1179648K
  class space    used 16777K, committed 17920K, reserved 1048576K
}

